info it worked if it ends with ok
verbose cli [ 'node', '/usr/local/lib/bin/npm', 'install', 'maple' ]
info using npm@1.0.27
info using node@v0.4.8
verbose config file /Users/jdubie/.npmrc
verbose config file /usr/local/lib/etc/npmrc
silly testEngine { name: 'cms',
silly testEngine   version: '0.0.1',
silly testEngine   private: true,
silly testEngine   dependencies: 
silly testEngine    { express: '2.4.3',
silly testEngine      jade: '>= 0.0.1',
silly testEngine      nano: '1.0.0',
silly testEngine      underscore: '1.2.2',
silly testEngine      async: '0.1.15' },
silly testEngine   _npmJsonOpts: 
silly testEngine    { file: '/Users/jdubie/Dropbox/Developer/Projects/cms/package.json',
silly testEngine      wscript: false,
silly testEngine      contributors: false,
silly testEngine      serverjs: false },
silly testEngine   _id: 'cms@0.0.1',
silly testEngine   devDependencies: {},
silly testEngine   engines: { node: '*' },
silly testEngine   _engineSupported: true,
silly testEngine   _npmVersion: '1.0.27',
silly testEngine   _nodeVersion: 'v0.4.8',
silly testEngine   _defaultsLoaded: true }
verbose caching /Users/jdubie/Dropbox/Developer/Projects/cms/package.json
verbose loadDefaults cms@0.0.1
silly testEngine { name: 'async',
silly testEngine   description: 'Higher-order functions and common patterns for asynchronous code',
silly testEngine   main: './index',
silly testEngine   author: { name: 'Caolan McMahon' },
silly testEngine   version: '0.1.15',
silly testEngine   repository: 
silly testEngine    { type: 'git',
silly testEngine      url: 'git://github.com/caolan/async.git' },
silly testEngine   bugs: { url: 'http://github.com/caolan/async/issues' },
silly testEngine   licenses: 
silly testEngine    [ { type: 'MIT',
silly testEngine        url: 'http://github.com/caolan/async/raw/master/LICENSE' } ],
silly testEngine   _npmJsonOpts: 
silly testEngine    { file: '/Users/jdubie/Dropbox/Developer/Projects/cms/node_modules/async/package.json',
silly testEngine      wscript: false,
silly testEngine      contributors: false,
silly testEngine      serverjs: false },
silly testEngine   _id: 'async@0.1.15',
silly testEngine   dependencies: {},
silly testEngine   devDependencies: {},
silly testEngine   engines: { node: '*' },
silly testEngine   _engineSupported: true,
silly testEngine   _npmVersion: '1.0.27',
silly testEngine   _nodeVersion: 'v0.4.8',
silly testEngine   _defaultsLoaded: true }
verbose caching /Users/jdubie/Dropbox/Developer/Projects/cms/node_modules/async/package.json
verbose loadDefaults async@0.1.15
silly testEngine { name: 'jade',
silly testEngine   description: 'Jade template engine',
silly testEngine   version: '0.19.0',
silly testEngine   author: 
silly testEngine    { name: 'TJ Holowaychuk',
silly testEngine      email: 'tj@vision-media.ca' },
silly testEngine   repository: 
silly testEngine    { type: 'git',
silly testEngine      url: 'git://github.com/visionmedia/jade.git' },
silly testEngine   main: './index.js',
silly testEngine   bin: { jade: './bin/jade' },
silly testEngine   dependencies: { commander: '0.2.x', mkdirp: '>= 0.0.7' },
silly testEngine   devDependencies: 
silly testEngine    { mocha: '*',
silly testEngine      'coffee-script': '>= 0.0.1',
silly testEngine      markdown: '>= 0.0.1',
silly testEngine      stylus: '>= 0.0.1',
silly testEngine      uubench: '0.0.1',
silly testEngine      'uglify-js': '>= 1.0.7' },
silly testEngine   scripts: { prepublish: 'npm prune' },
silly testEngine   engines: { node: '>= 0.1.98' },
silly testEngine   _npmJsonOpts: 
silly testEngine    { file: '/Users/jdubie/Dropbox/Developer/Projects/cms/node_modules/jade/package.json',
silly testEngine      wscript: false,
silly testEngine      contributors: false,
silly testEngine      serverjs: false },
silly testEngine   _id: 'jade@0.19.0',
silly testEngine   _engineSupported: true,
silly testEngine   _npmVersion: '1.0.27',
silly testEngine   _nodeVersion: 'v0.4.8',
silly testEngine   _defaultsLoaded: true }
verbose caching /Users/jdubie/Dropbox/Developer/Projects/cms/node_modules/jade/package.json
verbose loadDefaults jade@0.19.0
silly testEngine { name: 'express',
silly testEngine   description: 'Sinatra inspired web development framework',
silly testEngine   version: '2.4.3',
silly testEngine   author: 
silly testEngine    { name: 'TJ Holowaychuk',
silly testEngine      email: 'tj@vision-media.ca' },
silly testEngine   contributors: 
silly testEngine    [ { name: 'TJ Holowaychuk',
silly testEngine        email: 'tj@vision-media.ca' },
silly testEngine      { name: 'Aaron Heckmann',
silly testEngine        email: 'aaron.heckmann+github@gmail.com' },
silly testEngine      { name: 'Ciaran Jessup', email: 'ciaranj@gmail.com' },
silly testEngine      { name: 'Guillermo Rauch', email: 'rauchg@gmail.com' } ],
silly testEngine   dependencies: 
silly testEngine    { connect: '>= 1.5.2 < 2.0.0',
silly testEngine      mime: '>= 0.0.1',
silly testEngine      qs: '>= 0.0.6' },
silly testEngine   devDependencies: 
silly testEngine    { 'connect-form': '0.2.1',
silly testEngine      ejs: '0.4.2',
silly testEngine      expresso: '0.7.2',
silly testEngine      hamljs: '0.5.1',
silly testEngine      jade: '0.11.0',
silly testEngine      stylus: '0.13.0',
silly testEngine      should: '0.2.1',
silly testEngine      'express-messages': '0.0.2',
silly testEngine      'node-markdown': '>= 0.0.1',
silly testEngine      'connect-redis': '>= 0.0.1' },
silly testEngine   keywords: [ 'framework', 'sinatra', 'web', 'rest', 'restful' ],
silly testEngine   repository: 
silly testEngine    { type: 'git',
silly testEngine      url: 'git://github.com/visionmedia/express.git' },
silly testEngine   main: 'index',
silly testEngine   bin: { express: './bin/express' },
silly testEngine   scripts: { test: 'make test', prepublish: 'npm prune' },
silly testEngine   engines: { node: '>= 0.4.1 < 0.5.0' },
silly testEngine   _npmJsonOpts: 
silly testEngine    { file: '/Users/jdubie/Dropbox/Developer/Projects/cms/node_modules/express/package.json',
silly testEngine      wscript: false,
silly testEngine      contributors: false,
silly testEngine      serverjs: false },
silly testEngine   _id: 'express@2.4.3',
silly testEngine   _engineSupported: true,
silly testEngine   _npmVersion: '1.0.27',
silly testEngine   _nodeVersion: 'v0.4.8',
silly testEngine   _defaultsLoaded: true }
verbose caching /Users/jdubie/Dropbox/Developer/Projects/cms/node_modules/express/package.json
verbose loadDefaults express@2.4.3
silly testEngine { name: 'nano',
silly testEngine   description: 'minimalistic couchdb driver for node.js',
silly testEngine   homepage: 'http://github.com/dscape/nano',
silly testEngine   repository: 
silly testEngine    { type: 'git',
silly testEngine      url: 'git://github.com/dscape/nano.git' },
silly testEngine   version: '1.0.0',
silly testEngine   author: 
silly testEngine    { name: 'Nuno Job',
silly testEngine      email: 'nunojobpinto@gmail.com',
silly testEngine      url: 'http://nunojob.com' },
silly testEngine   contributors: 
silly testEngine    [ { name: 'Thiago Arrais',
silly testEngine        email: 'thiago.arrais@gmail.com',
silly testEngine        url: 'http://thiagoarrais.com' },
silly testEngine      { name: 'Derek Perez',
silly testEngine        email: 'derek@derekperez.com',
silly testEngine        url: 'http://blog.derekperez.com' },
silly testEngine      { name: 'Patrick Heneise',
silly testEngine        url: 'http://patrickheneise.me' },
silly testEngine      { name: 'Artur Konarski',
silly testEngine        url: 'http://tarantoga.com' },
silly testEngine      { name: 'Pedro Teixeira',
silly testEngine        email: 'pedro.teixeira@gmail.com',
silly testEngine        url: 'http://metaduck.com' } ],
silly testEngine   keywords: 
silly testEngine    [ 'couchdb',
silly testEngine      'data',
silly testEngine      'request',
silly testEngine      'json',
silly testEngine      'nosql',
silly testEngine      'micro',
silly testEngine      'nano',
silly testEngine      'database' ],
silly testEngine   dependencies: { request: '2.2.0', underscore: '~1.1.7' },
silly testEngine   devDependencies: { async: '~0.1.9', ensure: '0.4.6', nock: '0.5.x' },
silly testEngine   scripts: { test: './node_modules/ensure/bin/tap.js tests/*/*.js' },
silly testEngine   main: './nano.js',
silly testEngine   engines: { node: '>=0.3.6' },
silly testEngine   _npmJsonOpts: 
silly testEngine    { file: '/Users/jdubie/Dropbox/Developer/Projects/cms/node_modules/nano/package.json',
silly testEngine      wscript: false,
silly testEngine      contributors: false,
silly testEngine      serverjs: false },
silly testEngine   _id: 'nano@1.0.0',
silly testEngine   _engineSupported: true,
silly testEngine   _npmVersion: '1.0.27',
silly testEngine   _nodeVersion: 'v0.4.8',
silly testEngine   _defaultsLoaded: true }
verbose caching /Users/jdubie/Dropbox/Developer/Projects/cms/node_modules/nano/package.json
verbose loadDefaults nano@1.0.0
silly testEngine { name: 'underscore',
silly testEngine   description: 'JavaScript\'s functional programming helper library.',
silly testEngine   homepage: 'http://documentcloud.github.com/underscore/',
silly testEngine   keywords: [ 'util', 'functional', 'server', 'client', 'browser' ],
silly testEngine   author: 
silly testEngine    { name: 'Jeremy Ashkenas',
silly testEngine      email: 'jeremy@documentcloud.org' },
silly testEngine   contributors: [],
silly testEngine   dependencies: {},
silly testEngine   repository: 
silly testEngine    { type: 'git',
silly testEngine      url: 'git://github.com/documentcloud/underscore.git' },
silly testEngine   main: 'underscore.js',
silly testEngine   version: '1.2.2',
silly testEngine   _npmJsonOpts: 
silly testEngine    { file: '/Users/jdubie/Dropbox/Developer/Projects/cms/node_modules/underscore/package.json',
silly testEngine      wscript: false,
silly testEngine      contributors: false,
silly testEngine      serverjs: false },
silly testEngine   _id: 'underscore@1.2.2',
silly testEngine   devDependencies: {},
silly testEngine   engines: { node: '*' },
silly testEngine   _engineSupported: true,
silly testEngine   _npmVersion: '1.0.27',
silly testEngine   _nodeVersion: 'v0.4.8',
silly testEngine   _defaultsLoaded: true }
verbose caching /Users/jdubie/Dropbox/Developer/Projects/cms/node_modules/underscore/package.json
verbose loadDefaults underscore@1.2.2
verbose from cache /Users/jdubie/Dropbox/Developer/Projects/cms/package.json
verbose into /Users/jdubie/Dropbox/Developer/Projects/cms [ 'maple' ]
verbose cache add maple
verbose cache add [ 'maple', null ]
silly cache add: name, spec, args [ undefined, 'maple', [ 'maple', null ] ]
verbose parsed url { pathname: 'maple', href: 'maple' }
info addNamed [ 'maple', '' ]
verbose addNamed [ null, '' ]
verbose GET maple
verbose raw, before any munging maple
verbose url resolving [ 'http://registry.npmjs.org/', './maple' ]
verbose url resolved http://registry.npmjs.org/maple
verbose url parsed { protocol: 'http:',
verbose url parsed   slashes: true,
verbose url parsed   host: 'registry.npmjs.org',
verbose url parsed   hostname: 'registry.npmjs.org',
verbose url parsed   href: 'http://registry.npmjs.org/maple',
verbose url parsed   pathname: '/maple' }
verbose response http://registry.npmjs.org/maple
silly chunk {"error":"not_found","reason":"document not found"}
silly chunk 
silly get cb [ 404,
silly get cb   { server: 'CouchDB/1.1.0 (Erlang OTP/R14B04)',
silly get cb     date: 'Mon, 19 Dec 2011 13:36:14 GMT',
silly get cb     'content-type': 'application/json',
silly get cb     'content-length': '52',
silly get cb     'cache-control': 'must-revalidate' } ]
ERR! 404 'maple' is not in the npm registry.
ERR! 404 You should bug the author to publish it.
ERR! 404 Note that you can also install from a tarball or folder.
ERR! 
ERR! System Darwin 10.8.0
ERR! command "node" "/usr/local/lib/bin/npm" "install" "maple"
ERR! cwd /Users/jdubie/Dropbox/Developer/Projects/cms
ERR! node -v v0.4.8
ERR! npm -v 1.0.27
verbose exit [ 1, true ]
